version https://git-lfs.github.com/spec/v1
oid sha256:39b132bd24fc264bf8f35685c57347c4ee8b30004de5a5cce07abd1a5f3fea18
size 4854
