version https://git-lfs.github.com/spec/v1
oid sha256:b8bd45d59eefefde0c9d0634b936a55ec0fa299ea748e8f372e83d1458c78e9c
size 4859
