version https://git-lfs.github.com/spec/v1
oid sha256:8db591ad5dd7e0c376c719305783a12bdff686ac30bca9e6df3c54be82c8b40c
size 22630
