version https://git-lfs.github.com/spec/v1
oid sha256:38cf6275210e06976efbecbb9ed1c6d06fa0b391399a96a24765c508101ad5cb
size 5822
