version https://git-lfs.github.com/spec/v1
oid sha256:d16bf1748e21a34716309c122fcb24cf7b2bf326480bccf1063f7fb31cc13ffb
size 19686
