version https://git-lfs.github.com/spec/v1
oid sha256:6705d2b91e5250fccda057a6a9e4133c07e39e0a421c2625ebf581d7d558c560
size 19571
